[0.268s] Invoking command in '/home/wch/chapt7/chapt7_ws/src/build/fishbot_navigation2': CMAKE_PREFIX_PATH=/opt/ros/humble /usr/bin/cmake /home/wch/chapt7/chapt7_ws/src/fishbot_navigation2 -DCMAKE_INSTALL_PREFIX=/home/wch/chapt7/chapt7_ws/src/install/fishbot_navigation2
[0.484s] -- The C compiler identification is GNU 11.4.0
[0.637s] -- The CXX compiler identification is GNU 11.4.0
[0.648s] -- Detecting C compiler ABI info
[0.694s] -- Detecting C compiler ABI info - done
[0.698s] -- Check for working C compiler: /usr/bin/cc - skipped
[0.699s] -- Detecting C compile features
[0.699s] -- Detecting C compile features - done
[0.702s] -- Detecting CXX compiler ABI info
[0.750s] -- Detecting CXX compiler ABI info - done
[0.755s] -- Check for working CXX compiler: /usr/bin/c++ - skipped
[0.755s] -- Detecting CXX compile features
[0.755s] -- Detecting CXX compile features - done
[0.758s] -- Found ament_cmake: 1.3.10 (/opt/ros/humble/share/ament_cmake/cmake)
[0.851s] -- Found Python3: /usr/bin/python3 (found version "3.10.12") found components: Interpreter 
[0.931s] -- Found ament_lint_auto: 0.12.11 (/opt/ros/humble/share/ament_lint_auto/cmake)
[0.985s] -- Added test 'flake8' to check Python code syntax and style conventions
[0.985s] -- Added test 'lint_cmake' to check CMake code style
[0.986s] -- Added test 'pep257' to check Python code against some of the docstring style conventions in PEP 257
[0.987s] -- Added test 'xmllint' to check XML markup files
[0.988s] -- Configuring done
[0.990s] -- Generating done
[0.991s] -- Build files have been written to: /home/wch/chapt7/chapt7_ws/src/build/fishbot_navigation2
